<?xml version="1.0" encoding="UTF-8"?>
<coverage generated="1729503019131" clover="3.2.0">
  <project timestamp="1729503019131" name="All files">
    <metrics statements="55" coveredstatements="17" conditionals="14" coveredconditionals="1" methods="11" coveredmethods="2" elements="80" coveredelements="20" complexity="0" loc="55" ncloc="55" packages="3" files="3" classes="3"/>
    <package name="controllers">
      <metrics statements="24" coveredstatements="13" conditionals="6" coveredconditionals="1" methods="4" coveredmethods="2"/>
      <file name="api.controller.js" path="C:\Users\ladmi\OneDrive\Bureau\tictactrip\backend\controllers\api.controller.js">
        <metrics statements="24" coveredstatements="13" conditionals="6" coveredconditionals="1" methods="4" coveredmethods="2"/>
        <line num="1" count="1" type="stmt"/>
        <line num="3" count="1" type="stmt"/>
        <line num="4" count="1" type="stmt"/>
        <line num="5" count="1" type="stmt"/>
        <line num="7" count="1" type="stmt"/>
        <line num="8" count="0" type="stmt"/>
        <line num="13" count="1" type="stmt"/>
        <line num="14" count="0" type="cond" truecount="0" falsecount="2"/>
        <line num="15" count="0" type="stmt"/>
        <line num="18" count="0" type="cond" truecount="0" falsecount="2"/>
        <line num="20" count="0" type="stmt"/>
        <line num="21" count="0" type="stmt"/>
        <line num="24" count="1" type="stmt"/>
        <line num="25" count="1" type="stmt"/>
        <line num="26" count="1" type="stmt"/>
        <line num="27" count="1" type="stmt"/>
        <line num="29" count="2" type="cond" truecount="1" falsecount="1"/>
        <line num="30" count="0" type="stmt"/>
        <line num="32" count="0" type="stmt"/>
        <line num="33" count="0" type="stmt"/>
        <line num="35" count="0" type="stmt"/>
        <line num="37" count="1" type="stmt"/>
        <line num="38" count="1" type="stmt"/>
        <line num="41" count="0" type="stmt"/>
      </file>
    </package>
    <package name="models">
      <metrics statements="1" coveredstatements="1" conditionals="0" coveredconditionals="0" methods="0" coveredmethods="0"/>
      <file name="User.js" path="C:\Users\ladmi\OneDrive\Bureau\tictactrip\backend\models\User.js">
        <metrics statements="1" coveredstatements="1" conditionals="0" coveredconditionals="0" methods="0" coveredmethods="0"/>
        <line num="1" count="1" type="stmt"/>
      </file>
    </package>
    <package name="utils">
      <metrics statements="30" coveredstatements="3" conditionals="8" coveredconditionals="0" methods="7" coveredmethods="0"/>
      <file name="textUtils.js" path="C:\Users\ladmi\OneDrive\Bureau\tictactrip\backend\utils\textUtils.js">
        <metrics statements="30" coveredstatements="3" conditionals="8" coveredconditionals="0" methods="7" coveredmethods="0"/>
        <line num="1" count="1" type="stmt"/>
        <line num="2" count="0" type="stmt"/>
        <line num="3" count="0" type="stmt"/>
        <line num="5" count="0" type="cond" truecount="0" falsecount="2"/>
        <line num="6" count="0" type="stmt"/>
        <line num="9" count="0" type="stmt"/>
        <line num="10" count="0" type="stmt"/>
        <line num="12" count="0" type="stmt"/>
        <line num="14" count="0" type="stmt"/>
        <line num="15" count="0" type="cond" truecount="0" falsecount="2"/>
        <line num="16" count="0" type="stmt"/>
        <line num="19" count="0" type="stmt"/>
        <line num="22" count="1" type="stmt"/>
        <line num="23" count="0" type="stmt"/>
        <line num="25" count="0" type="stmt"/>
        <line num="26" count="0" type="stmt"/>
        <line num="28" count="0" type="stmt"/>
        <line num="29" count="0" type="stmt"/>
        <line num="30" count="0" type="stmt"/>
        <line num="32" count="0" type="stmt"/>
        <line num="33" count="0" type="stmt"/>
        <line num="35" count="0" type="cond" truecount="0" falsecount="2"/>
        <line num="36" count="0" type="stmt"/>
        <line num="38" count="0" type="stmt"/>
        <line num="39" count="0" type="stmt"/>
        <line num="43" count="0" type="cond" truecount="0" falsecount="2"/>
        <line num="44" count="0" type="stmt"/>
        <line num="48" count="0" type="stmt"/>
        <line num="51" count="1" type="stmt"/>
        <line num="52" count="0" type="stmt"/>
      </file>
    </package>
  </project>
</coverage>
