<?xml version="1.0" encoding="UTF-8"?>
<coverage generated="1729586214769" clover="3.2.0">
  <project timestamp="1729586214769" name="All files">
    <metrics statements="52" coveredstatements="46" conditionals="10" coveredconditionals="7" methods="11" coveredmethods="10" elements="73" coveredelements="63" complexity="0" loc="52" ncloc="52" packages="3" files="3" classes="3"/>
    <package name="controllers">
      <metrics statements="23" coveredstatements="17" conditionals="4" coveredconditionals="2" methods="4" coveredmethods="3"/>
      <file name="api.controller.ts" path="C:\Users\ladmi\OneDrive\Bureau\tictactrip\backend\controllers\api.controller.ts">
        <metrics statements="23" coveredstatements="17" conditionals="4" coveredconditionals="2" methods="4" coveredmethods="3"/>
        <line num="4" count="1" type="stmt"/>
        <line num="6" count="1" type="stmt"/>
        <line num="7" count="1" type="stmt"/>
        <line num="8" count="1" type="stmt"/>
        <line num="15" count="1" type="stmt"/>
        <line num="16" count="0" type="stmt"/>
        <line num="27" count="1" type="stmt"/>
        <line num="28" count="2" type="stmt"/>
        <line num="30" count="2" type="cond" truecount="1" falsecount="0"/>
        <line num="32" count="1" type="cond" truecount="0" falsecount="1"/>
        <line num="34" count="1" type="stmt"/>
        <line num="43" count="1" type="stmt"/>
        <line num="44" count="1" type="stmt"/>
        <line num="45" count="1" type="stmt"/>
        <line num="46" count="1" type="stmt"/>
        <line num="48" count="2" type="cond" truecount="1" falsecount="1"/>
        <line num="49" count="0" type="stmt"/>
        <line num="51" count="0" type="stmt"/>
        <line num="52" count="0" type="stmt"/>
        <line num="54" count="0" type="stmt"/>
        <line num="56" count="1" type="stmt"/>
        <line num="57" count="1" type="stmt"/>
        <line num="60" count="0" type="stmt"/>
      </file>
    </package>
    <package name="models">
      <metrics statements="1" coveredstatements="1" conditionals="0" coveredconditionals="0" methods="0" coveredmethods="0"/>
      <file name="User.ts" path="C:\Users\ladmi\OneDrive\Bureau\tictactrip\backend\models\User.ts">
        <metrics statements="1" coveredstatements="1" conditionals="0" coveredconditionals="0" methods="0" coveredmethods="0"/>
        <line num="3" count="1" type="stmt"/>
      </file>
    </package>
    <package name="utils">
      <metrics statements="28" coveredstatements="28" conditionals="6" coveredconditionals="5" methods="7" coveredmethods="7"/>
      <file name="textUtils.ts" path="C:\Users\ladmi\OneDrive\Bureau\tictactrip\backend\utils\textUtils.ts">
        <metrics statements="28" coveredstatements="28" conditionals="6" coveredconditionals="5" methods="7" coveredmethods="7"/>
        <line num="7" count="1" type="stmt"/>
        <line num="8" count="291" type="stmt"/>
        <line num="9" count="22" type="stmt"/>
        <line num="11" count="22" type="cond" truecount="0" falsecount="1"/>
        <line num="13" count="22" type="stmt"/>
        <line num="14" count="22" type="stmt"/>
        <line num="15" count="22" type="stmt"/>
        <line num="17" count="22" type="stmt"/>
        <line num="18" count="269" type="cond" truecount="2" falsecount="0"/>
        <line num="19" count="269" type="stmt"/>
        <line num="22" count="22" type="stmt"/>
        <line num="30" count="1" type="stmt"/>
        <line num="31" count="1" type="stmt"/>
        <line num="32" count="3" type="stmt"/>
        <line num="33" count="1" type="stmt"/>
        <line num="35" count="1" type="stmt"/>
        <line num="36" count="3" type="stmt"/>
        <line num="37" count="3" type="stmt"/>
        <line num="39" count="3" type="stmt"/>
        <line num="40" count="319" type="stmt"/>
        <line num="42" count="319" type="cond" truecount="2" falsecount="0"/>
        <line num="43" count="297" type="stmt"/>
        <line num="45" count="22" type="stmt"/>
        <line num="46" count="22" type="stmt"/>
        <line num="50" count="3" type="cond" truecount="1" falsecount="0"/>
        <line num="53" count="1" type="stmt"/>
        <line num="61" count="1" type="stmt"/>
        <line num="62" count="1" type="stmt"/>
      </file>
    </package>
  </project>
</coverage>
