{"C:\\Users\\ladmi\\OneDrive\\Bureau\\tictactrip\\backend\\controllers\\api.controller.ts": {"path":"C:\\Users\\ladmi\\OneDrive\\Bureau\\tictactrip\\backend\\controllers\\api.controller.ts","statementMap":{"0":{"start":{"line":4,"column":18},"end":{"line":4,"column":47}},"1":{"start":{"line":6,"column":12},"end":{"line":6,"column":35}},"2":{"start":{"line":7,"column":16},"end":{"line":7,"column":41}},"3":{"start":{"line":8,"column":17},"end":{"line":8,"column":36}},"4":{"start":{"line":15,"column":20},"end":{"line":19,"column":1}},"5":{"start":{"line":16,"column":4},"end":{"line":18,"column":7}},"6":{"start":{"line":27,"column":0},"end":{"line":35,"column":null}},"7":{"start":{"line":28,"column":17},"end":{"line":28,"column":25}},"8":{"start":{"line":30,"column":4},"end":{"line":30,"column":103}},"9":{"start":{"line":30,"column":31},"end":{"line":30,"column":103}},"10":{"start":{"line":32,"column":4},"end":{"line":32,"column":95}},"11":{"start":{"line":32,"column":27},"end":{"line":32,"column":95}},"12":{"start":{"line":34,"column":4},"end":{"line":34,"column":47}},"13":{"start":{"line":43,"column":0},"end":{"line":62,"column":null}},"14":{"start":{"line":44,"column":4},"end":{"line":61,"column":5}},"15":{"start":{"line":45,"column":21},"end":{"line":45,"column":35}},"16":{"start":{"line":46,"column":21},"end":{"line":46,"column":34}},"17":{"start":{"line":48,"column":8},"end":{"line":58,"column":9}},"18":{"start":{"line":48,"column":38},"end":{"line":48,"column":63}},"19":{"start":{"line":49,"column":26},"end":{"line":49,"column":43}},"20":{"start":{"line":51,"column":12},"end":{"line":51,"column":73}},"21":{"start":{"line":52,"column":12},"end":{"line":52,"column":77}},"22":{"start":{"line":54,"column":12},"end":{"line":54,"column":56}},"23":{"start":{"line":56,"column":12},"end":{"line":56,"column":47}},"24":{"start":{"line":57,"column":12},"end":{"line":57,"column":67}},"25":{"start":{"line":60,"column":8},"end":{"line":60,"column":64}}},"fnMap":{"0":{"name":"(anonymous_0)","decl":{"start":{"line":15,"column":20},"end":{"line":15,"column":21}},"loc":{"start":{"line":15,"column":35},"end":{"line":19,"column":1}}},"1":{"name":"(anonymous_1)","decl":{"start":{"line":27,"column":29},"end":{"line":27,"column":30}},"loc":{"start":{"line":27,"column":61},"end":{"line":35,"column":1}}},"2":{"name":"(anonymous_2)","decl":{"start":{"line":43,"column":23},"end":{"line":43,"column":24}},"loc":{"start":{"line":43,"column":55},"end":{"line":62,"column":1}}},"3":{"name":"(anonymous_3)","decl":{"start":{"line":48,"column":22},"end":{"line":48,"column":23}},"loc":{"start":{"line":48,"column":38},"end":{"line":48,"column":63}}}},"branchMap":{"0":{"loc":{"start":{"line":30,"column":4},"end":{"line":30,"column":103}},"type":"if","locations":[{"start":{"line":30,"column":4},"end":{"line":30,"column":103}}]},"1":{"loc":{"start":{"line":32,"column":4},"end":{"line":32,"column":95}},"type":"if","locations":[{"start":{"line":32,"column":4},"end":{"line":32,"column":95}}]},"2":{"loc":{"start":{"line":48,"column":8},"end":{"line":58,"column":9}},"type":"if","locations":[{"start":{"line":48,"column":8},"end":{"line":58,"column":9}},{"start":{"line":55,"column":15},"end":{"line":58,"column":9}}]}},"s":{"0":1,"1":1,"2":1,"3":1,"4":1,"5":0,"6":1,"7":2,"8":2,"9":1,"10":1,"11":0,"12":1,"13":1,"14":1,"15":1,"16":1,"17":1,"18":2,"19":0,"20":0,"21":0,"22":0,"23":1,"24":1,"25":0},"f":{"0":0,"1":2,"2":1,"3":2},"b":{"0":[1],"1":[0],"2":[0,1]}}
,"C:\\Users\\ladmi\\OneDrive\\Bureau\\tictactrip\\backend\\models\\User.ts": {"path":"C:\\Users\\ladmi\\OneDrive\\Bureau\\tictactrip\\backend\\models\\User.ts","statementMap":{"0":{"start":{"line":3,"column":13},"end":{"line":6,"column":null}}},"fnMap":{},"branchMap":{},"s":{"0":1},"f":{},"b":{}}
,"C:\\Users\\ladmi\\OneDrive\\Bureau\\tictactrip\\backend\\utils\\textUtils.ts": {"path":"C:\\Users\\ladmi\\OneDrive\\Bureau\\tictactrip\\backend\\utils\\textUtils.ts","statementMap":{"0":{"start":{"line":7,"column":20},"end":{"line":23,"column":1}},"1":{"start":{"line":8,"column":29},"end":{"line":8,"column":84}},"2":{"start":{"line":8,"column":63},"end":{"line":8,"column":80}},"3":{"start":{"line":9,"column":28},"end":{"line":9,"column":57}},"4":{"start":{"line":11,"column":4},"end":{"line":11,"column":75}},"5":{"start":{"line":11,"column":34},"end":{"line":11,"column":75}},"6":{"start":{"line":13,"column":30},"end":{"line":13,"column":86}},"7":{"start":{"line":14,"column":20},"end":{"line":14,"column":64}},"8":{"start":{"line":15,"column":15},"end":{"line":15,"column":29}},"9":{"start":{"line":17,"column":4},"end":{"line":20,"column":5}},"10":{"start":{"line":17,"column":17},"end":{"line":17,"column":18}},"11":{"start":{"line":18,"column":23},"end":{"line":18,"column":68}},"12":{"start":{"line":19,"column":8},"end":{"line":19,"column":52}},"13":{"start":{"line":22,"column":4},"end":{"line":22,"column":16}},"14":{"start":{"line":30,"column":0},"end":{"line":54,"column":2}},"15":{"start":{"line":31,"column":23},"end":{"line":31,"column":25}},"16":{"start":{"line":32,"column":23},"end":{"line":32,"column":74}},"17":{"start":{"line":32,"column":55},"end":{"line":32,"column":73}},"18":{"start":{"line":33,"column":34},"end":{"line":33,"column":36}},"19":{"start":{"line":35,"column":4},"end":{"line":51,"column":7}},"20":{"start":{"line":36,"column":22},"end":{"line":36,"column":42}},"21":{"start":{"line":37,"column":36},"end":{"line":37,"column":38}},"22":{"start":{"line":39,"column":8},"end":{"line":48,"column":11}},"23":{"start":{"line":40,"column":46},"end":{"line":40,"column":74}},"24":{"start":{"line":42,"column":12},"end":{"line":47,"column":13}},"25":{"start":{"line":43,"column":16},"end":{"line":43,"column":39}},"26":{"start":{"line":45,"column":16},"end":{"line":45,"column":73}},"27":{"start":{"line":46,"column":16},"end":{"line":46,"column":37}},"28":{"start":{"line":50,"column":8},"end":{"line":50,"column":78}},"29":{"start":{"line":50,"column":36},"end":{"line":50,"column":78}},"30":{"start":{"line":53,"column":4},"end":{"line":53,"column":36}},"31":{"start":{"line":61,"column":0},"end":{"line":63,"column":2}},"32":{"start":{"line":62,"column":4},"end":{"line":62,"column":41}}},"fnMap":{"0":{"name":"(anonymous_0)","decl":{"start":{"line":7,"column":20},"end":{"line":7,"column":21}},"loc":{"start":{"line":7,"column":66},"end":{"line":23,"column":1}}},"1":{"name":"(anonymous_1)","decl":{"start":{"line":8,"column":48},"end":{"line":8,"column":49}},"loc":{"start":{"line":8,"column":63},"end":{"line":8,"column":80}}},"2":{"name":"(anonymous_2)","decl":{"start":{"line":30,"column":25},"end":{"line":30,"column":26}},"loc":{"start":{"line":30,"column":42},"end":{"line":54,"column":1}}},"3":{"name":"(anonymous_3)","decl":{"start":{"line":32,"column":47},"end":{"line":32,"column":51}},"loc":{"start":{"line":32,"column":55},"end":{"line":32,"column":73}}},"4":{"name":"(anonymous_4)","decl":{"start":{"line":35,"column":23},"end":{"line":35,"column":32}},"loc":{"start":{"line":35,"column":35},"end":{"line":51,"column":5}}},"5":{"name":"(anonymous_5)","decl":{"start":{"line":39,"column":22},"end":{"line":39,"column":26}},"loc":{"start":{"line":39,"column":29},"end":{"line":48,"column":9}}},"6":{"name":"(anonymous_6)","decl":{"start":{"line":61,"column":28},"end":{"line":61,"column":29}},"loc":{"start":{"line":61,"column":45},"end":{"line":63,"column":1}}}},"branchMap":{"0":{"loc":{"start":{"line":11,"column":4},"end":{"line":11,"column":75}},"type":"if","locations":[{"start":{"line":11,"column":4},"end":{"line":11,"column":75}}]},"1":{"loc":{"start":{"line":18,"column":44},"end":{"line":18,"column":67}},"type":"cond-expr","locations":[{"start":{"line":18,"column":62},"end":{"line":18,"column":63}},{"start":{"line":18,"column":66},"end":{"line":18,"column":67}}]},"2":{"loc":{"start":{"line":42,"column":12},"end":{"line":47,"column":13}},"type":"if","locations":[{"start":{"line":42,"column":12},"end":{"line":47,"column":13}},{"start":{"line":44,"column":19},"end":{"line":47,"column":13}}]},"3":{"loc":{"start":{"line":50,"column":8},"end":{"line":50,"column":78}},"type":"if","locations":[{"start":{"line":50,"column":8},"end":{"line":50,"column":78}}]}},"s":{"0":1,"1":22,"2":291,"3":22,"4":22,"5":0,"6":22,"7":22,"8":22,"9":22,"10":22,"11":269,"12":269,"13":22,"14":1,"15":1,"16":1,"17":3,"18":1,"19":1,"20":3,"21":3,"22":3,"23":319,"24":319,"25":297,"26":22,"27":22,"28":3,"29":3,"30":1,"31":1,"32":1},"f":{"0":22,"1":291,"2":1,"3":3,"4":3,"5":319,"6":1},"b":{"0":[0],"1":[62,207],"2":[297,22],"3":[3]}}
}
