{"C:\\Users\\ladmi\\OneDrive\\Bureau\\tictactrip\\backend\\controllers\\api.controller.js": {"path":"C:\\Users\\ladmi\\OneDrive\\Bureau\\tictactrip\\backend\\controllers\\api.controller.js","statementMap":{"0":{"start":{"line":1,"column":18},"end":{"line":1,"column":47}},"1":{"start":{"line":3,"column":12},"end":{"line":3,"column":35}},"2":{"start":{"line":4,"column":16},"end":{"line":4,"column":41}},"3":{"start":{"line":5,"column":17},"end":{"line":5,"column":36}},"4":{"start":{"line":7,"column":20},"end":{"line":11,"column":1}},"5":{"start":{"line":8,"column":4},"end":{"line":10,"column":7}},"6":{"start":{"line":13,"column":0},"end":{"line":22,"column":1}},"7":{"start":{"line":14,"column":4},"end":{"line":16,"column":5}},"8":{"start":{"line":15,"column":8},"end":{"line":15,"column":80}},"9":{"start":{"line":18,"column":4},"end":{"line":18,"column":92}},"10":{"start":{"line":18,"column":31},"end":{"line":18,"column":92}},"11":{"start":{"line":20,"column":17},"end":{"line":20,"column":25}},"12":{"start":{"line":21,"column":4},"end":{"line":21,"column":40}},"13":{"start":{"line":24,"column":0},"end":{"line":43,"column":1}},"14":{"start":{"line":25,"column":4},"end":{"line":42,"column":5}},"15":{"start":{"line":26,"column":21},"end":{"line":26,"column":35}},"16":{"start":{"line":27,"column":21},"end":{"line":27,"column":34}},"17":{"start":{"line":29,"column":8},"end":{"line":39,"column":9}},"18":{"start":{"line":29,"column":30},"end":{"line":29,"column":55}},"19":{"start":{"line":30,"column":26},"end":{"line":30,"column":43}},"20":{"start":{"line":32,"column":12},"end":{"line":32,"column":73}},"21":{"start":{"line":33,"column":12},"end":{"line":33,"column":77}},"22":{"start":{"line":35,"column":12},"end":{"line":35,"column":56}},"23":{"start":{"line":37,"column":12},"end":{"line":37,"column":47}},"24":{"start":{"line":38,"column":12},"end":{"line":38,"column":67}},"25":{"start":{"line":41,"column":8},"end":{"line":41,"column":57}}},"fnMap":{"0":{"name":"(anonymous_0)","decl":{"start":{"line":7,"column":20},"end":{"line":7,"column":21}},"loc":{"start":{"line":7,"column":30},"end":{"line":11,"column":1}},"line":7},"1":{"name":"(anonymous_1)","decl":{"start":{"line":13,"column":29},"end":{"line":13,"column":30}},"loc":{"start":{"line":13,"column":43},"end":{"line":22,"column":1}},"line":13},"2":{"name":"(anonymous_2)","decl":{"start":{"line":24,"column":23},"end":{"line":24,"column":24}},"loc":{"start":{"line":24,"column":37},"end":{"line":43,"column":1}},"line":24},"3":{"name":"(anonymous_3)","decl":{"start":{"line":29,"column":22},"end":{"line":29,"column":23}},"loc":{"start":{"line":29,"column":30},"end":{"line":29,"column":55}},"line":29}},"branchMap":{"0":{"loc":{"start":{"line":14,"column":4},"end":{"line":16,"column":5}},"type":"if","locations":[{"start":{"line":14,"column":4},"end":{"line":16,"column":5}},{"start":{},"end":{}}],"line":14},"1":{"loc":{"start":{"line":18,"column":4},"end":{"line":18,"column":92}},"type":"if","locations":[{"start":{"line":18,"column":4},"end":{"line":18,"column":92}},{"start":{},"end":{}}],"line":18},"2":{"loc":{"start":{"line":29,"column":8},"end":{"line":39,"column":9}},"type":"if","locations":[{"start":{"line":29,"column":8},"end":{"line":39,"column":9}},{"start":{"line":36,"column":15},"end":{"line":39,"column":9}}],"line":29}},"s":{"0":1,"1":1,"2":1,"3":1,"4":1,"5":0,"6":1,"7":0,"8":0,"9":0,"10":0,"11":0,"12":0,"13":1,"14":1,"15":1,"16":1,"17":1,"18":2,"19":0,"20":0,"21":0,"22":0,"23":1,"24":1,"25":0},"f":{"0":0,"1":0,"2":1,"3":2},"b":{"0":[0,0],"1":[0,0],"2":[0,1]},"_coverageSchema":"1a1c01bbd47fc00a2c39e90264f33305004495a9","hash":"3a41477957efa17509551d3227271b2793994619"}
,"C:\\Users\\ladmi\\OneDrive\\Bureau\\tictactrip\\backend\\models\\User.js": {"path":"C:\\Users\\ladmi\\OneDrive\\Bureau\\tictactrip\\backend\\models\\User.js","statementMap":{"0":{"start":{"line":1,"column":0},"end":{"line":4,"column":1}}},"fnMap":{},"branchMap":{},"s":{"0":1},"f":{},"b":{},"_coverageSchema":"1a1c01bbd47fc00a2c39e90264f33305004495a9","hash":"a3327bcc4920f70b32fdec5f38502078d555c9a3"}
,"C:\\Users\\ladmi\\OneDrive\\Bureau\\tictactrip\\backend\\utils\\textUtils.js": {"path":"C:\\Users\\ladmi\\OneDrive\\Bureau\\tictactrip\\backend\\utils\\textUtils.js","statementMap":{"0":{"start":{"line":1,"column":20},"end":{"line":20,"column":1}},"1":{"start":{"line":2,"column":29},"end":{"line":2,"column":84}},"2":{"start":{"line":2,"column":63},"end":{"line":2,"column":80}},"3":{"start":{"line":3,"column":28},"end":{"line":3,"column":57}},"4":{"start":{"line":5,"column":4},"end":{"line":7,"column":5}},"5":{"start":{"line":6,"column":8},"end":{"line":6,"column":49}},"6":{"start":{"line":9,"column":30},"end":{"line":9,"column":86}},"7":{"start":{"line":10,"column":20},"end":{"line":10,"column":64}},"8":{"start":{"line":12,"column":15},"end":{"line":12,"column":29}},"9":{"start":{"line":14,"column":4},"end":{"line":17,"column":5}},"10":{"start":{"line":14,"column":17},"end":{"line":14,"column":18}},"11":{"start":{"line":15,"column":23},"end":{"line":15,"column":68}},"12":{"start":{"line":16,"column":8},"end":{"line":16,"column":52}},"13":{"start":{"line":19,"column":4},"end":{"line":19,"column":16}},"14":{"start":{"line":22,"column":0},"end":{"line":49,"column":2}},"15":{"start":{"line":23,"column":23},"end":{"line":23,"column":25}},"16":{"start":{"line":25,"column":23},"end":{"line":25,"column":74}},"17":{"start":{"line":25,"column":55},"end":{"line":25,"column":73}},"18":{"start":{"line":26,"column":24},"end":{"line":26,"column":26}},"19":{"start":{"line":28,"column":4},"end":{"line":46,"column":7}},"20":{"start":{"line":29,"column":22},"end":{"line":29,"column":42}},"21":{"start":{"line":30,"column":26},"end":{"line":30,"column":28}},"22":{"start":{"line":32,"column":8},"end":{"line":41,"column":11}},"23":{"start":{"line":33,"column":38},"end":{"line":33,"column":66}},"24":{"start":{"line":35,"column":12},"end":{"line":40,"column":13}},"25":{"start":{"line":36,"column":16},"end":{"line":36,"column":39}},"26":{"start":{"line":38,"column":16},"end":{"line":38,"column":73}},"27":{"start":{"line":39,"column":16},"end":{"line":39,"column":37}},"28":{"start":{"line":43,"column":8},"end":{"line":45,"column":9}},"29":{"start":{"line":44,"column":12},"end":{"line":44,"column":54}},"30":{"start":{"line":48,"column":4},"end":{"line":48,"column":36}},"31":{"start":{"line":51,"column":0},"end":{"line":53,"column":2}},"32":{"start":{"line":52,"column":4},"end":{"line":52,"column":41}}},"fnMap":{"0":{"name":"(anonymous_0)","decl":{"start":{"line":1,"column":20},"end":{"line":1,"column":21}},"loc":{"start":{"line":1,"column":49},"end":{"line":20,"column":1}},"line":1},"1":{"name":"(anonymous_1)","decl":{"start":{"line":2,"column":48},"end":{"line":2,"column":49}},"loc":{"start":{"line":2,"column":63},"end":{"line":2,"column":80}},"line":2},"2":{"name":"(anonymous_2)","decl":{"start":{"line":22,"column":25},"end":{"line":22,"column":26}},"loc":{"start":{"line":22,"column":35},"end":{"line":49,"column":1}},"line":22},"3":{"name":"(anonymous_3)","decl":{"start":{"line":25,"column":47},"end":{"line":25,"column":48}},"loc":{"start":{"line":25,"column":55},"end":{"line":25,"column":73}},"line":25},"4":{"name":"(anonymous_4)","decl":{"start":{"line":28,"column":23},"end":{"line":28,"column":24}},"loc":{"start":{"line":28,"column":36},"end":{"line":46,"column":5}},"line":28},"5":{"name":"(anonymous_5)","decl":{"start":{"line":32,"column":22},"end":{"line":32,"column":23}},"loc":{"start":{"line":32,"column":30},"end":{"line":41,"column":9}},"line":32},"6":{"name":"(anonymous_6)","decl":{"start":{"line":51,"column":28},"end":{"line":51,"column":29}},"loc":{"start":{"line":51,"column":38},"end":{"line":53,"column":1}},"line":51}},"branchMap":{"0":{"loc":{"start":{"line":5,"column":4},"end":{"line":7,"column":5}},"type":"if","locations":[{"start":{"line":5,"column":4},"end":{"line":7,"column":5}},{"start":{},"end":{}}],"line":5},"1":{"loc":{"start":{"line":15,"column":44},"end":{"line":15,"column":67}},"type":"cond-expr","locations":[{"start":{"line":15,"column":62},"end":{"line":15,"column":63}},{"start":{"line":15,"column":66},"end":{"line":15,"column":67}}],"line":15},"2":{"loc":{"start":{"line":35,"column":12},"end":{"line":40,"column":13}},"type":"if","locations":[{"start":{"line":35,"column":12},"end":{"line":40,"column":13}},{"start":{"line":37,"column":19},"end":{"line":40,"column":13}}],"line":35},"3":{"loc":{"start":{"line":43,"column":8},"end":{"line":45,"column":9}},"type":"if","locations":[{"start":{"line":43,"column":8},"end":{"line":45,"column":9}},{"start":{},"end":{}}],"line":43}},"s":{"0":1,"1":0,"2":0,"3":0,"4":0,"5":0,"6":0,"7":0,"8":0,"9":0,"10":0,"11":0,"12":0,"13":0,"14":1,"15":0,"16":0,"17":0,"18":0,"19":0,"20":0,"21":0,"22":0,"23":0,"24":0,"25":0,"26":0,"27":0,"28":0,"29":0,"30":0,"31":1,"32":0},"f":{"0":0,"1":0,"2":0,"3":0,"4":0,"5":0,"6":0},"b":{"0":[0,0],"1":[0,0],"2":[0,0],"3":[0,0]},"_coverageSchema":"1a1c01bbd47fc00a2c39e90264f33305004495a9","hash":"b4e461a4bd441a6bb5ccb8e9107a8b2786059fd2"}
}
