TN:
SF:backend\controllers\api.controller.ts
FN:15,(anonymous_0)
FN:27,(anonymous_1)
FN:43,(anonymous_2)
FN:48,(anonymous_3)
FNF:4
FNH:3
FNDA:0,(anonymous_0)
FNDA:2,(anonymous_1)
FNDA:1,(anonymous_2)
FNDA:2,(anonymous_3)
DA:4,1
DA:6,1
DA:7,1
DA:8,1
DA:15,1
DA:16,0
DA:27,1
DA:28,2
DA:30,2
DA:32,1
DA:34,1
DA:43,1
DA:44,1
DA:45,1
DA:46,1
DA:48,2
DA:49,0
DA:51,0
DA:52,0
DA:54,0
DA:56,1
DA:57,1
DA:60,0
LF:23
LH:17
BRDA:30,0,0,1
BRDA:32,1,0,0
BRDA:48,2,0,0
BRDA:48,2,1,1
BRF:4
BRH:2
end_of_record
TN:
SF:backend\models\User.ts
FNF:0
FNH:0
DA:3,1
LF:1
LH:1
BRF:0
BRH:0
end_of_record
TN:
SF:backend\utils\textUtils.ts
FN:7,(anonymous_0)
FN:8,(anonymous_1)
FN:30,(anonymous_2)
FN:32,(anonymous_3)
FN:35,(anonymous_4)
FN:39,(anonymous_5)
FN:61,(anonymous_6)
FNF:7
FNH:7
FNDA:22,(anonymous_0)
FNDA:291,(anonymous_1)
FNDA:1,(anonymous_2)
FNDA:3,(anonymous_3)
FNDA:3,(anonymous_4)
FNDA:319,(anonymous_5)
FNDA:1,(anonymous_6)
DA:7,1
DA:8,291
DA:9,22
DA:11,22
DA:13,22
DA:14,22
DA:15,22
DA:17,22
DA:18,269
DA:19,269
DA:22,22
DA:30,1
DA:31,1
DA:32,3
DA:33,1
DA:35,1
DA:36,3
DA:37,3
DA:39,3
DA:40,319
DA:42,319
DA:43,297
DA:45,22
DA:46,22
DA:50,3
DA:53,1
DA:61,1
DA:62,1
LF:28
LH:28
BRDA:11,0,0,0
BRDA:18,1,0,62
BRDA:18,1,1,207
BRDA:42,2,0,297
BRDA:42,2,1,22
BRDA:50,3,0,3
BRF:6
BRH:5
end_of_record
